1589850756960	mozrunner::runner	INFO	Running command: "/usr/bin/firefox" "-marionette" "-headless" "-foreground" "-no-remote" "-profile" "/tmp/rust_mozprofilejro9yy"
*** You are running in headless mode.
1589850757408	addons.webextension.doh-rollout@mozilla.org	WARN	Loading extension 'doh-rollout@mozilla.org': Reading manifest: Invalid extension permission: networkStatus
1589850757916	addons.webextension.screenshots@mozilla.org	WARN	Loading extension 'screenshots@mozilla.org': Reading manifest: Invalid extension permission: mozillaAddons
1589850757916	addons.webextension.screenshots@mozilla.org	WARN	Loading extension 'screenshots@mozilla.org': Reading manifest: Invalid extension permission: telemetry
1589850757917	addons.webextension.screenshots@mozilla.org	WARN	Loading extension 'screenshots@mozilla.org': Reading manifest: Invalid extension permission: resource://pdf.js/
1589850757917	addons.webextension.screenshots@mozilla.org	WARN	Loading extension 'screenshots@mozilla.org': Reading manifest: Invalid extension permission: about:reader*
1589850760471	Marionette	INFO	Listening on port 40641
1589850760491	Marionette	WARN	TLS certificate errors will be ignored for this session
JavaScript error: resource://gre/modules/XULStore.jsm, line 66: Error: Can't find profile directory.
JavaScript error: resource://gre/modules/XULStore.jsm, line 66: Error: Can't find profile directory.
JavaScript error: https://www.infomoney.com.br/wp-content/mu-plugins/jetpack/_inc/build/infinite-scroll/infinity.min.js?m=1587052964g, line 3: TypeError: this.element is null
JavaScript error: https://www.googletagmanager.com/gtm.js?id=GTM-T8M3XX2, line 862: uncaught exception: [object Object]
JavaScript error: https://www.infomoney.com.br/ferramentas/cambio/ line 1054 > scriptElement, line 1: TypeError: c is undefined
1589850774031	Marionette	INFO	Stopped listening on port 40641
1589850779999	mozrunner::runner	INFO	Running command: "/usr/bin/firefox" "-marionette" "-foreground" "-no-remote" "-profile" "/tmp/rust_mozprofilesC649U"
1589850780551	addons.webextension.doh-rollout@mozilla.org	WARN	Loading extension 'doh-rollout@mozilla.org': Reading manifest: Invalid extension permission: networkStatus
1589850781014	addons.webextension.screenshots@mozilla.org	WARN	Loading extension 'screenshots@mozilla.org': Reading manifest: Invalid extension permission: mozillaAddons
1589850781015	addons.webextension.screenshots@mozilla.org	WARN	Loading extension 'screenshots@mozilla.org': Reading manifest: Invalid extension permission: telemetry
1589850781017	addons.webextension.screenshots@mozilla.org	WARN	Loading extension 'screenshots@mozilla.org': Reading manifest: Invalid extension permission: resource://pdf.js/
1589850781017	addons.webextension.screenshots@mozilla.org	WARN	Loading extension 'screenshots@mozilla.org': Reading manifest: Invalid extension permission: about:reader*
1589850783879	Marionette	INFO	Listening on port 38257
1589850783931	Marionette	WARN	TLS certificate errors will be ignored for this session
JavaScript error: https://www.infomoney.com.br/wp-content/mu-plugins/jetpack/_inc/build/infinite-scroll/infinity.min.js?m=1587052964g, line 3: TypeError: this.element is null
JavaScript error: resource://gre/modules/XULStore.jsm, line 66: Error: Can't find profile directory.
JavaScript error: resource://gre/modules/XULStore.jsm, line 66: Error: Can't find profile directory.
JavaScript error: https://www.googletagmanager.com/gtm.js?id=GTM-T8M3XX2, line 862: uncaught exception: [object Object]
JavaScript error: https://www.infomoney.com.br/ferramentas/cambio/ line 1054 > scriptElement, line 1: TypeError: c is undefined
1589851134832	mozrunner::runner	INFO	Running command: "/usr/bin/firefox" "-marionette" "-foreground" "-no-remote" "-profile" "/tmp/rust_mozprofileueFqyn"
1589851135362	addons.webextension.doh-rollout@mozilla.org	WARN	Loading extension 'doh-rollout@mozilla.org': Reading manifest: Invalid extension permission: networkStatus
1589851135894	addons.webextension.screenshots@mozilla.org	WARN	Loading extension 'screenshots@mozilla.org': Reading manifest: Invalid extension permission: mozillaAddons
1589851135895	addons.webextension.screenshots@mozilla.org	WARN	Loading extension 'screenshots@mozilla.org': Reading manifest: Invalid extension permission: telemetry
1589851135895	addons.webextension.screenshots@mozilla.org	WARN	Loading extension 'screenshots@mozilla.org': Reading manifest: Invalid extension permission: resource://pdf.js/
1589851135895	addons.webextension.screenshots@mozilla.org	WARN	Loading extension 'screenshots@mozilla.org': Reading manifest: Invalid extension permission: about:reader*
1589851138950	Marionette	INFO	Listening on port 45239
1589851139052	Marionette	WARN	TLS certificate errors will be ignored for this session
JavaScript error: https://www.infomoney.com.br/wp-content/mu-plugins/jetpack/_inc/build/infinite-scroll/infinity.min.js?m=1587052964g, line 3: TypeError: this.element is null
JavaScript error: resource://gre/modules/XULStore.jsm, line 66: Error: Can't find profile directory.
JavaScript error: resource://gre/modules/XULStore.jsm, line 66: Error: Can't find profile directory.
JavaScript error: https://www.googletagmanager.com/gtm.js?id=GTM-T8M3XX2, line 862: uncaught exception: [object Object]
JavaScript error: https://www.infomoney.com.br/ferramentas/cambio/ line 1054 > scriptElement, line 1: TypeError: c is undefined
1589851392802	Marionette	INFO	Stopped listening on port 45239
1589851613331	mozrunner::runner	INFO	Running command: "/usr/bin/firefox" "-marionette" "-foreground" "-no-remote" "-profile" "/tmp/rust_mozprofileDevhFD"
1589851613923	addons.webextension.doh-rollout@mozilla.org	WARN	Loading extension 'doh-rollout@mozilla.org': Reading manifest: Invalid extension permission: networkStatus
1589851614531	addons.webextension.screenshots@mozilla.org	WARN	Loading extension 'screenshots@mozilla.org': Reading manifest: Invalid extension permission: mozillaAddons
1589851614531	addons.webextension.screenshots@mozilla.org	WARN	Loading extension 'screenshots@mozilla.org': Reading manifest: Invalid extension permission: telemetry
1589851614531	addons.webextension.screenshots@mozilla.org	WARN	Loading extension 'screenshots@mozilla.org': Reading manifest: Invalid extension permission: resource://pdf.js/
1589851614531	addons.webextension.screenshots@mozilla.org	WARN	Loading extension 'screenshots@mozilla.org': Reading manifest: Invalid extension permission: about:reader*
1589851617452	Marionette	INFO	Listening on port 44093
1589851617472	Marionette	WARN	TLS certificate errors will be ignored for this session
JavaScript error: https://www.infomoney.com.br/wp-content/mu-plugins/jetpack/_inc/build/infinite-scroll/infinity.min.js?m=1587052959g, line 3: TypeError: this.element is null
JavaScript error: resource://gre/modules/XULStore.jsm, line 66: Error: Can't find profile directory.
JavaScript error: resource://gre/modules/XULStore.jsm, line 66: Error: Can't find profile directory.
JavaScript error: https://www.googletagmanager.com/gtm.js?id=GTM-T8M3XX2, line 862: uncaught exception: [object Object]
JavaScript error: https://www.infomoney.com.br/ferramentas/cambio/ line 1054 > scriptElement, line 1: TypeError: c is undefined
JavaScript error: https://www.infomoney.com.br/wp-content/mu-plugins/jetpack/_inc/build/infinite-scroll/infinity.min.js?m=1587052959g, line 3: TypeError: this.element is null
JavaScript error: https://www.googletagmanager.com/gtm.js?id=GTM-T8M3XX2, line 862: uncaught exception: [object Object]
JavaScript error: https://www.infomoney.com.br/ferramentas/cambio/ line 1054 > scriptElement, line 1: TypeError: c is undefined
JavaScript error: https://www.infomoney.com.br/wp-content/mu-plugins/jetpack/_inc/build/infinite-scroll/infinity.min.js?m=1587052962g, line 3: TypeError: this.element is null
JavaScript error: https://www.googletagmanager.com/gtm.js?id=GTM-T8M3XX2, line 862: uncaught exception: [object Object]
JavaScript error: https://www.infomoney.com.br/ferramentas/criptomoedas/ line 1054 > scriptElement, line 1: TypeError: c is undefined
IPDL protocol error: Handler returned error code!

###!!! [Parent][DispatchAsyncMessage] Error: PLayerTransaction::Msg_ReleaseLayer Processing error: message was deserialized, but the handler returned false (indicating failure)

IPDL protocol error: Handler returned error code!

###!!! [Parent][DispatchAsyncMessage] Error: PLayerTransaction::Msg_ReleaseLayer Processing error: message was deserialized, but the handler returned false (indicating failure)

1589851850216	Marionette	INFO	Stopped listening on port 44093
1589851862577	mozrunner::runner	INFO	Running command: "/usr/bin/firefox" "-marionette" "-headless" "-foreground" "-no-remote" "-profile" "/tmp/rust_mozprofileLQd2FN"
*** You are running in headless mode.
1589851863072	addons.webextension.doh-rollout@mozilla.org	WARN	Loading extension 'doh-rollout@mozilla.org': Reading manifest: Invalid extension permission: networkStatus
1589851863557	addons.webextension.screenshots@mozilla.org	WARN	Loading extension 'screenshots@mozilla.org': Reading manifest: Invalid extension permission: mozillaAddons
1589851863557	addons.webextension.screenshots@mozilla.org	WARN	Loading extension 'screenshots@mozilla.org': Reading manifest: Invalid extension permission: telemetry
1589851863557	addons.webextension.screenshots@mozilla.org	WARN	Loading extension 'screenshots@mozilla.org': Reading manifest: Invalid extension permission: resource://pdf.js/
1589851863557	addons.webextension.screenshots@mozilla.org	WARN	Loading extension 'screenshots@mozilla.org': Reading manifest: Invalid extension permission: about:reader*
1589851866342	Marionette	INFO	Listening on port 41233
1589851866406	Marionette	WARN	TLS certificate errors will be ignored for this session
JavaScript error: https://www.infomoney.com.br/wp-content/mu-plugins/jetpack/_inc/build/infinite-scroll/infinity.min.js?m=1587052959g, line 3: TypeError: this.element is null
JavaScript error: resource://gre/modules/XULStore.jsm, line 66: Error: Can't find profile directory.
JavaScript error: resource://gre/modules/XULStore.jsm, line 66: Error: Can't find profile directory.
JavaScript error: https://www.googletagmanager.com/gtm.js?id=GTM-T8M3XX2, line 862: uncaught exception: [object Object]
JavaScript error: https://www.infomoney.com.br/ferramentas/cambio/ line 1054 > scriptElement, line 1: TypeError: c is undefined
1589851883532	Marionette	INFO	Stopped listening on port 41233
1589851890616	mozrunner::runner	INFO	Running command: "/usr/bin/firefox" "-marionette" "-headless" "-foreground" "-no-remote" "-profile" "/tmp/rust_mozprofilefQNzFO"
*** You are running in headless mode.
1589851891149	addons.webextension.doh-rollout@mozilla.org	WARN	Loading extension 'doh-rollout@mozilla.org': Reading manifest: Invalid extension permission: networkStatus
1589851891668	addons.webextension.screenshots@mozilla.org	WARN	Loading extension 'screenshots@mozilla.org': Reading manifest: Invalid extension permission: mozillaAddons
1589851891668	addons.webextension.screenshots@mozilla.org	WARN	Loading extension 'screenshots@mozilla.org': Reading manifest: Invalid extension permission: telemetry
1589851891669	addons.webextension.screenshots@mozilla.org	WARN	Loading extension 'screenshots@mozilla.org': Reading manifest: Invalid extension permission: resource://pdf.js/
1589851891669	addons.webextension.screenshots@mozilla.org	WARN	Loading extension 'screenshots@mozilla.org': Reading manifest: Invalid extension permission: about:reader*
1589851894629	Marionette	INFO	Listening on port 45195
1589851894678	Marionette	WARN	TLS certificate errors will be ignored for this session
1589851919945	Marionette	INFO	Stopped listening on port 45195
1589851922907	mozrunner::runner	INFO	Running command: "/usr/bin/firefox" "-marionette" "-headless" "-foreground" "-no-remote" "-profile" "/tmp/rust_mozprofileN7ZO0Q"
*** You are running in headless mode.
1589851923528	addons.webextension.doh-rollout@mozilla.org	WARN	Loading extension 'doh-rollout@mozilla.org': Reading manifest: Invalid extension permission: networkStatus
1589851924272	addons.webextension.screenshots@mozilla.org	WARN	Loading extension 'screenshots@mozilla.org': Reading manifest: Invalid extension permission: mozillaAddons
1589851924273	addons.webextension.screenshots@mozilla.org	WARN	Loading extension 'screenshots@mozilla.org': Reading manifest: Invalid extension permission: telemetry
1589851924273	addons.webextension.screenshots@mozilla.org	WARN	Loading extension 'screenshots@mozilla.org': Reading manifest: Invalid extension permission: resource://pdf.js/
1589851924274	addons.webextension.screenshots@mozilla.org	WARN	Loading extension 'screenshots@mozilla.org': Reading manifest: Invalid extension permission: about:reader*
1589851927634	Marionette	INFO	Listening on port 35027
1589851927660	Marionette	WARN	TLS certificate errors will be ignored for this session
1589851943435	Marionette	INFO	Stopped listening on port 35027
1589851948639	mozrunner::runner	INFO	Running command: "/usr/bin/firefox" "-marionette" "-headless" "-foreground" "-no-remote" "-profile" "/tmp/rust_mozprofile5Cr3lx"
*** You are running in headless mode.
1589851949203	addons.webextension.doh-rollout@mozilla.org	WARN	Loading extension 'doh-rollout@mozilla.org': Reading manifest: Invalid extension permission: networkStatus
1589851949849	addons.webextension.screenshots@mozilla.org	WARN	Loading extension 'screenshots@mozilla.org': Reading manifest: Invalid extension permission: mozillaAddons
1589851949850	addons.webextension.screenshots@mozilla.org	WARN	Loading extension 'screenshots@mozilla.org': Reading manifest: Invalid extension permission: telemetry
1589851949851	addons.webextension.screenshots@mozilla.org	WARN	Loading extension 'screenshots@mozilla.org': Reading manifest: Invalid extension permission: resource://pdf.js/
1589851949851	addons.webextension.screenshots@mozilla.org	WARN	Loading extension 'screenshots@mozilla.org': Reading manifest: Invalid extension permission: about:reader*
1589851953172	Marionette	INFO	Listening on port 46789
1589851953196	Marionette	WARN	TLS certificate errors will be ignored for this session
1589852000038	Marionette	INFO	Stopped listening on port 46789
1589852010410	mozrunner::runner	INFO	Running command: "/usr/bin/firefox" "-marionette" "-foreground" "-no-remote" "-profile" "/tmp/rust_mozprofilek5fghr"
1589852010942	addons.webextension.doh-rollout@mozilla.org	WARN	Loading extension 'doh-rollout@mozilla.org': Reading manifest: Invalid extension permission: networkStatus
1589852011435	addons.webextension.screenshots@mozilla.org	WARN	Loading extension 'screenshots@mozilla.org': Reading manifest: Invalid extension permission: mozillaAddons
1589852011435	addons.webextension.screenshots@mozilla.org	WARN	Loading extension 'screenshots@mozilla.org': Reading manifest: Invalid extension permission: telemetry
1589852011436	addons.webextension.screenshots@mozilla.org	WARN	Loading extension 'screenshots@mozilla.org': Reading manifest: Invalid extension permission: resource://pdf.js/
1589852011436	addons.webextension.screenshots@mozilla.org	WARN	Loading extension 'screenshots@mozilla.org': Reading manifest: Invalid extension permission: about:reader*
1589852014111	Marionette	INFO	Listening on port 40019
1589852014141	Marionette	WARN	TLS certificate errors will be ignored for this session
JavaScript error: resource://gre/modules/NetworkGeolocationProvider.jsm, line 555: TypeError: xhr.response.location is undefined
JavaScript error: resource://gre/modules/NetworkGeolocationProvider.jsm, line 555: TypeError: xhr.response.location is undefined
IPDL protocol error: Handler returned error code!

###!!! [Parent][DispatchAsyncMessage] Error: PLayerTransaction::Msg_ReleaseLayer Processing error: message was deserialized, but the handler returned false (indicating failure)

IPDL protocol error: Handler returned error code!

###!!! [Parent][DispatchAsyncMessage] Error: PLayerTransaction::Msg_ReleaseLayer Processing error: message was deserialized, but the handler returned false (indicating failure)

1589852050450	Marionette	INFO	Stopped listening on port 38257
1589852061491	Marionette	INFO	Stopped listening on port 40019
1589852064338	mozrunner::runner	INFO	Running command: "/usr/bin/firefox" "-marionette" "-foreground" "-no-remote" "-profile" "/tmp/rust_mozprofileNEQNn1"
1589852064763	addons.webextension.doh-rollout@mozilla.org	WARN	Loading extension 'doh-rollout@mozilla.org': Reading manifest: Invalid extension permission: networkStatus
1589852065159	addons.webextension.screenshots@mozilla.org	WARN	Loading extension 'screenshots@mozilla.org': Reading manifest: Invalid extension permission: mozillaAddons
1589852065159	addons.webextension.screenshots@mozilla.org	WARN	Loading extension 'screenshots@mozilla.org': Reading manifest: Invalid extension permission: telemetry
1589852065160	addons.webextension.screenshots@mozilla.org	WARN	Loading extension 'screenshots@mozilla.org': Reading manifest: Invalid extension permission: resource://pdf.js/
1589852065160	addons.webextension.screenshots@mozilla.org	WARN	Loading extension 'screenshots@mozilla.org': Reading manifest: Invalid extension permission: about:reader*
1589852067420	Marionette	INFO	Listening on port 39261
1589852067460	Marionette	WARN	TLS certificate errors will be ignored for this session
JavaScript error: resource://gre/modules/NetworkGeolocationProvider.jsm, line 555: TypeError: xhr.response.location is undefined
JavaScript error: resource://gre/modules/NetworkGeolocationProvider.jsm, line 555: TypeError: xhr.response.location is undefined
1589852109520	mozrunner::runner	INFO	Running command: "/usr/bin/firefox" "-marionette" "-foreground" "-no-remote" "-profile" "/tmp/rust_mozprofile16ag0i"
1589852110344	addons.webextension.doh-rollout@mozilla.org	WARN	Loading extension 'doh-rollout@mozilla.org': Reading manifest: Invalid extension permission: networkStatus
1589852110840	addons.webextension.screenshots@mozilla.org	WARN	Loading extension 'screenshots@mozilla.org': Reading manifest: Invalid extension permission: mozillaAddons
1589852110840	addons.webextension.screenshots@mozilla.org	WARN	Loading extension 'screenshots@mozilla.org': Reading manifest: Invalid extension permission: telemetry
1589852110840	addons.webextension.screenshots@mozilla.org	WARN	Loading extension 'screenshots@mozilla.org': Reading manifest: Invalid extension permission: resource://pdf.js/
1589852110841	addons.webextension.screenshots@mozilla.org	WARN	Loading extension 'screenshots@mozilla.org': Reading manifest: Invalid extension permission: about:reader*
1589852113705	Marionette	INFO	Listening on port 33043
1589852113737	Marionette	WARN	TLS certificate errors will be ignored for this session
JavaScript error: https://www.infomoney.com.br/wp-content/mu-plugins/jetpack/_inc/build/infinite-scroll/infinity.min.js?m=1587052959g, line 3: TypeError: this.element is null
JavaScript error: resource://gre/modules/XULStore.jsm, line 66: Error: Can't find profile directory.
JavaScript error: resource://gre/modules/XULStore.jsm, line 66: Error: Can't find profile directory.
JavaScript error: https://www.googletagmanager.com/gtm.js?id=GTM-T8M3XX2, line 862: uncaught exception: [object Object]
JavaScript error: https://www.infomoney.com.br/ferramentas/cambio/ line 1054 > scriptElement, line 1: TypeError: c is undefined
1589852120060	Marionette	INFO	Stopped listening on port 33043
JavaScript error: https://www.googletagmanager.com/gtm.js?id=GTM-T8M3XX2, line 874: NS_ERROR_NOT_INITIALIZED: 
1589852120896	Marionette	INFO	Stopped listening on port 39261
1589852125241	mozrunner::runner	INFO	Running command: "/usr/bin/firefox" "-marionette" "-foreground" "-no-remote" "-profile" "/tmp/rust_mozprofilez8nlce"
1589852125814	addons.webextension.doh-rollout@mozilla.org	WARN	Loading extension 'doh-rollout@mozilla.org': Reading manifest: Invalid extension permission: networkStatus
1589852126282	addons.webextension.screenshots@mozilla.org	WARN	Loading extension 'screenshots@mozilla.org': Reading manifest: Invalid extension permission: mozillaAddons
1589852126282	addons.webextension.screenshots@mozilla.org	WARN	Loading extension 'screenshots@mozilla.org': Reading manifest: Invalid extension permission: telemetry
1589852126283	addons.webextension.screenshots@mozilla.org	WARN	Loading extension 'screenshots@mozilla.org': Reading manifest: Invalid extension permission: resource://pdf.js/
1589852126283	addons.webextension.screenshots@mozilla.org	WARN	Loading extension 'screenshots@mozilla.org': Reading manifest: Invalid extension permission: about:reader*
1589852129460	Marionette	INFO	Listening on port 42917
1589852129478	Marionette	WARN	TLS certificate errors will be ignored for this session
1589852240697	Marionette	INFO	Stopped listening on port 42917
1589852242503	mozrunner::runner	INFO	Running command: "/usr/bin/firefox" "-marionette" "-foreground" "-no-remote" "-profile" "/tmp/rust_mozprofileforVtJ"
1589852243058	addons.webextension.doh-rollout@mozilla.org	WARN	Loading extension 'doh-rollout@mozilla.org': Reading manifest: Invalid extension permission: networkStatus
1589852243467	addons.webextension.screenshots@mozilla.org	WARN	Loading extension 'screenshots@mozilla.org': Reading manifest: Invalid extension permission: mozillaAddons
1589852243467	addons.webextension.screenshots@mozilla.org	WARN	Loading extension 'screenshots@mozilla.org': Reading manifest: Invalid extension permission: telemetry
1589852243468	addons.webextension.screenshots@mozilla.org	WARN	Loading extension 'screenshots@mozilla.org': Reading manifest: Invalid extension permission: resource://pdf.js/
1589852243468	addons.webextension.screenshots@mozilla.org	WARN	Loading extension 'screenshots@mozilla.org': Reading manifest: Invalid extension permission: about:reader*
1589852246154	Marionette	INFO	Listening on port 38415
1589852246221	Marionette	WARN	TLS certificate errors will be ignored for this session
Exiting due to channel error.
[GFX1-]: Receive IPC close with reason=AbnormalShutdown
Exiting due to channel error.
Exiting due to channel error.
1589852313434	mozrunner::runner	INFO	Running command: "/usr/bin/firefox" "-marionette" "-foreground" "-no-remote" "-profile" "/tmp/rust_mozprofileCWko14"
1589852314031	addons.webextension.doh-rollout@mozilla.org	WARN	Loading extension 'doh-rollout@mozilla.org': Reading manifest: Invalid extension permission: networkStatus
1589852314499	addons.webextension.screenshots@mozilla.org	WARN	Loading extension 'screenshots@mozilla.org': Reading manifest: Invalid extension permission: mozillaAddons
1589852314499	addons.webextension.screenshots@mozilla.org	WARN	Loading extension 'screenshots@mozilla.org': Reading manifest: Invalid extension permission: telemetry
1589852314500	addons.webextension.screenshots@mozilla.org	WARN	Loading extension 'screenshots@mozilla.org': Reading manifest: Invalid extension permission: resource://pdf.js/
1589852314500	addons.webextension.screenshots@mozilla.org	WARN	Loading extension 'screenshots@mozilla.org': Reading manifest: Invalid extension permission: about:reader*
1589852317175	Marionette	INFO	Listening on port 36417
1589852317252	Marionette	WARN	TLS certificate errors will be ignored for this session
JavaScript error: https://www.infomoney.com.br/wp-content/mu-plugins/jetpack/_inc/build/infinite-scroll/infinity.min.js?m=1587052962g, line 3: TypeError: this.element is null
JavaScript error: https://www.googletagmanager.com/gtm.js?id=GTM-T8M3XX2, line 862: uncaught exception: [object Object]
JavaScript error: https://www.infomoney.com.br/ferramentas/criptomoedas/ line 1054 > scriptElement, line 1: TypeError: c is undefined
Exiting due to channel error.
Exiting due to channel error.
Exiting due to channel error.
1589852420087	mozrunner::runner	INFO	Running command: "/usr/bin/firefox" "-marionette" "-foreground" "-no-remote" "-profile" "/tmp/rust_mozprofileK2eqrb"
1589852420656	addons.webextension.doh-rollout@mozilla.org	WARN	Loading extension 'doh-rollout@mozilla.org': Reading manifest: Invalid extension permission: networkStatus
1589852421131	addons.webextension.screenshots@mozilla.org	WARN	Loading extension 'screenshots@mozilla.org': Reading manifest: Invalid extension permission: mozillaAddons
1589852421131	addons.webextension.screenshots@mozilla.org	WARN	Loading extension 'screenshots@mozilla.org': Reading manifest: Invalid extension permission: telemetry
1589852421132	addons.webextension.screenshots@mozilla.org	WARN	Loading extension 'screenshots@mozilla.org': Reading manifest: Invalid extension permission: resource://pdf.js/
1589852421132	addons.webextension.screenshots@mozilla.org	WARN	Loading extension 'screenshots@mozilla.org': Reading manifest: Invalid extension permission: about:reader*
1589852424097	Marionette	INFO	Listening on port 45669
1589852424110	Marionette	WARN	TLS certificate errors will be ignored for this session
JavaScript error: https://www.infomoney.com.br/wp-content/mu-plugins/jetpack/_inc/build/infinite-scroll/infinity.min.js?m=1587052965g, line 3: TypeError: this.element is null
JavaScript error: https://www.googletagmanager.com/gtm.js?id=GTM-T8M3XX2, line 862: uncaught exception: [object Object]
JavaScript error: https://www.infomoney.com.br/ferramentas/criptomoedas/ line 1054 > scriptElement, line 1: TypeError: c is undefined
1589852582067	Marionette	INFO	Stopped listening on port 45669
IPDL protocol error: Handler returned error code!

###!!! [Parent][DispatchAsyncMessage] Error: PLayerTransaction::Msg_ReleaseLayer Processing error: message was deserialized, but the handler returned false (indicating failure)

IPDL protocol error: Handler returned error code!

###!!! [Parent][DispatchAsyncMessage] Error: PLayerTransaction::Msg_ReleaseLayer Processing error: message was deserialized, but the handler returned false (indicating failure)

IPDL protocol error: Handler returned error code!

###!!! [Parent][DispatchAsyncMessage] Error: PLayerTransaction::Msg_ReleaseLayer Processing error: message was deserialized, but the handler returned false (indicating failure)

1589855497960	mozrunner::runner	INFO	Running command: "/usr/bin/firefox" "-marionette" "-headless" "-foreground" "-no-remote" "-profile" "/tmp/rust_mozprofileCDjsD5"
*** You are running in headless mode.
1589855498562	addons.webextension.doh-rollout@mozilla.org	WARN	Loading extension 'doh-rollout@mozilla.org': Reading manifest: Invalid extension permission: networkStatus
1589855499341	addons.webextension.screenshots@mozilla.org	WARN	Loading extension 'screenshots@mozilla.org': Reading manifest: Invalid extension permission: mozillaAddons
1589855499341	addons.webextension.screenshots@mozilla.org	WARN	Loading extension 'screenshots@mozilla.org': Reading manifest: Invalid extension permission: telemetry
1589855499342	addons.webextension.screenshots@mozilla.org	WARN	Loading extension 'screenshots@mozilla.org': Reading manifest: Invalid extension permission: resource://pdf.js/
1589855499342	addons.webextension.screenshots@mozilla.org	WARN	Loading extension 'screenshots@mozilla.org': Reading manifest: Invalid extension permission: about:reader*
1589855503529	Marionette	INFO	Listening on port 42393
1589855503608	Marionette	WARN	TLS certificate errors will be ignored for this session
JavaScript error: https://www.infomoney.com.br/wp-content/mu-plugins/jetpack/_inc/build/infinite-scroll/infinity.min.js?m=1587052964g, line 3: TypeError: this.element is null
JavaScript error: resource://gre/modules/XULStore.jsm, line 66: Error: Can't find profile directory.
JavaScript error: resource://gre/modules/XULStore.jsm, line 66: Error: Can't find profile directory.
JavaScript error: https://www.googletagmanager.com/gtm.js?id=GTM-T8M3XX2, line 862: uncaught exception: [object Object]
JavaScript error: https://www.infomoney.com.br/ferramentas/cambio/ line 1054 > scriptElement, line 1: TypeError: c is undefined
1589855567647	mozrunner::runner	INFO	Running command: "/usr/bin/firefox" "-marionette" "-headless" "-foreground" "-no-remote" "-profile" "/tmp/rust_mozprofiledPHmP6"
*** You are running in headless mode.
1589855568429	addons.webextension.doh-rollout@mozilla.org	WARN	Loading extension 'doh-rollout@mozilla.org': Reading manifest: Invalid extension permission: networkStatus
1589855569323	addons.webextension.screenshots@mozilla.org	WARN	Loading extension 'screenshots@mozilla.org': Reading manifest: Invalid extension permission: mozillaAddons
1589855569323	addons.webextension.screenshots@mozilla.org	WARN	Loading extension 'screenshots@mozilla.org': Reading manifest: Invalid extension permission: telemetry
1589855569324	addons.webextension.screenshots@mozilla.org	WARN	Loading extension 'screenshots@mozilla.org': Reading manifest: Invalid extension permission: resource://pdf.js/
1589855569324	addons.webextension.screenshots@mozilla.org	WARN	Loading extension 'screenshots@mozilla.org': Reading manifest: Invalid extension permission: about:reader*
1589855573091	Marionette	INFO	Listening on port 44451
1589855573186	Marionette	WARN	TLS certificate errors will be ignored for this session
JavaScript error: https://www.infomoney.com.br/wp-content/mu-plugins/jetpack/_inc/build/infinite-scroll/infinity.min.js?m=1587052964g, line 3: TypeError: this.element is null
JavaScript error: resource://gre/modules/XULStore.jsm, line 66: Error: Can't find profile directory.
JavaScript error: resource://gre/modules/XULStore.jsm, line 66: Error: Can't find profile directory.
JavaScript error: https://www.googletagmanager.com/gtm.js?id=GTM-T8M3XX2, line 862: uncaught exception: [object Object]
JavaScript error: https://www.infomoney.com.br/ferramentas/cambio/ line 1055 > scriptElement, line 1: TypeError: c is undefined
1589855589084	mozrunner::runner	INFO	Running command: "/usr/bin/firefox" "-marionette" "-headless" "-foreground" "-no-remote" "-profile" "/tmp/rust_mozprofileFIMv1l"
*** You are running in headless mode.
1589855590487	addons.webextension.doh-rollout@mozilla.org	WARN	Loading extension 'doh-rollout@mozilla.org': Reading manifest: Invalid extension permission: networkStatus
1589855591871	addons.webextension.screenshots@mozilla.org	WARN	Loading extension 'screenshots@mozilla.org': Reading manifest: Invalid extension permission: mozillaAddons
1589855591872	addons.webextension.screenshots@mozilla.org	WARN	Loading extension 'screenshots@mozilla.org': Reading manifest: Invalid extension permission: telemetry
1589855591873	addons.webextension.screenshots@mozilla.org	WARN	Loading extension 'screenshots@mozilla.org': Reading manifest: Invalid extension permission: resource://pdf.js/
1589855591873	addons.webextension.screenshots@mozilla.org	WARN	Loading extension 'screenshots@mozilla.org': Reading manifest: Invalid extension permission: about:reader*
1589855595827	Marionette	INFO	Listening on port 42097
1589855595851	Marionette	WARN	TLS certificate errors will be ignored for this session
JavaScript error: https://www.infomoney.com.br/wp-content/mu-plugins/jetpack/_inc/build/infinite-scroll/infinity.min.js?m=1587052965g, line 3: TypeError: this.element is null
JavaScript error: https://www.googletagmanager.com/gtm.js?id=GTM-T8M3XX2, line 862: uncaught exception: [object Object]
JavaScript error: https://www.infomoney.com.br/ferramentas/criptomoedas/ line 1054 > scriptElement, line 1: TypeError: c is undefined
1589855618195	Marionette	INFO	Stopped listening on port 42097
JavaScript error: https://www.googletagmanager.com/gtm.js?id=GTM-T8M3XX2, line 874: NS_ERROR_NOT_INITIALIZED: 
1590255110181	mozrunner::runner	INFO	Running command: "/usr/bin/firefox" "-marionette" "-foreground" "-no-remote" "-profile" "/tmp/rust_mozprofileFY56Vn"
1590255110769	addons.webextension.doh-rollout@mozilla.org	WARN	Loading extension 'doh-rollout@mozilla.org': Reading manifest: Invalid extension permission: networkStatus
1590255111255	addons.webextension.screenshots@mozilla.org	WARN	Loading extension 'screenshots@mozilla.org': Reading manifest: Invalid extension permission: mozillaAddons
1590255111256	addons.webextension.screenshots@mozilla.org	WARN	Loading extension 'screenshots@mozilla.org': Reading manifest: Invalid extension permission: telemetry
1590255111256	addons.webextension.screenshots@mozilla.org	WARN	Loading extension 'screenshots@mozilla.org': Reading manifest: Invalid extension permission: resource://pdf.js/
1590255111257	addons.webextension.screenshots@mozilla.org	WARN	Loading extension 'screenshots@mozilla.org': Reading manifest: Invalid extension permission: about:reader*
1590255114204	Marionette	INFO	Listening on port 39715
1590255114304	Marionette	WARN	TLS certificate errors will be ignored for this session

###!!! [Parent][MessageChannel] Error: (msgtype=0x1C0011,name=PBackgroundStorage::Msg_Observe) Channel error: cannot send/recv

1590256507048	Marionette	INFO	Stopped listening on port 39715
1590266926403	mozrunner::runner	INFO	Running command: "/usr/bin/firefox" "-marionette" "-foreground" "-no-remote" "-profile" "/tmp/rust_mozprofileGL4T7a"
1590266927079	addons.webextension.doh-rollout@mozilla.org	WARN	Loading extension 'doh-rollout@mozilla.org': Reading manifest: Invalid extension permission: networkStatus
1590266927702	addons.webextension.screenshots@mozilla.org	WARN	Loading extension 'screenshots@mozilla.org': Reading manifest: Invalid extension permission: mozillaAddons
1590266927704	addons.webextension.screenshots@mozilla.org	WARN	Loading extension 'screenshots@mozilla.org': Reading manifest: Invalid extension permission: telemetry
1590266927705	addons.webextension.screenshots@mozilla.org	WARN	Loading extension 'screenshots@mozilla.org': Reading manifest: Invalid extension permission: resource://pdf.js/
1590266927705	addons.webextension.screenshots@mozilla.org	WARN	Loading extension 'screenshots@mozilla.org': Reading manifest: Invalid extension permission: about:reader*
1590266931745	Marionette	INFO	Listening on port 44793
1590266931778	Marionette	WARN	TLS certificate errors will be ignored for this session
console.error: "Error while calling actor 'pagestyle's method 'getApplied'" "node is null"
console.error: "getApplied@resource://devtools/server/actors/styles.js:587:5\nhandler@resource://devtools/shared/protocol/Actor.js:154:37\nonPacket@resource://devtools/server/devtools-server-connection.js:380:58\nreceiveMessage@resource://devtools/shared/transport/child-transport.js:66:16\n"
console.error: (new TypeError("currentNode is null", "resource://devtools/client/inspector/shared/style-change-tracker.js", 66))
TypeError: currentNode is null: canMutationImpactCurrentStyles@resource://devtools/client/inspector/shared/style-change-tracker.js:66:20
onMutations@resource://devtools/client/inspector/shared/style-change-tracker.js:84:41
_emit@resource://devtools/shared/event-emitter.js:226:34
emit@resource://devtools/shared/event-emitter.js:172:18
emit@resource://devtools/shared/event-emitter.js:324:18
getMutations@resource://devtools/client/fronts/walker.js:402:10

1590268179324	Marionette	INFO	Stopped listening on port 44793
